Arguments: 
  /home/kuzyo/.nvm/versions/node/v12.8.1/bin/node /usr/share/yarn/bin/yarn.js install

PATH: 
  /home/kuzyo/.nvm/versions/node/v12.8.1/bin:/home/kuzyo/.rvm/gems/ruby-2.5.5/bin:/home/kuzyo/.rvm/gems/ruby-2.5.5@global/bin:/home/kuzyo/.rvm/rubies/ruby-2.5.5/bin:/usr/local/sbin:/usr/local/bin:/usr/sbin:/usr/bin:/sbin:/bin:/usr/games:/usr/local/games:/snap/bin:/home/kuzyo/.rvm/bin:/home/kuzyo/.rvm/bin:/home/kuzyo/.rvm/bin

Yarn version: 
  1.21.1

Node version: 
  12.8.1

Platform: 
  linux x64

Trace: 
  SyntaxError: /home/kuzyo/Learning/GraphQL/graphql-ts-server-boilerplate/package.json: Unexpected token } in JSON at position 997
      at JSON.parse (<anonymous>)
      at /usr/share/yarn/lib/cli.js:1625:59
      at Generator.next (<anonymous>)
      at step (/usr/share/yarn/lib/cli.js:310:30)
      at /usr/share/yarn/lib/cli.js:321:13

npm manifest: 
  {
    "name": "graphql-ts-server-boilerplate",
    "version": "0.0.1",
    "description": "Awesome project developed with TypeORM.",
    "devDependencies": {
      "@types/bcryptjs": "^2.4.1",
      "@types/jest": "^22.2.3",
      "@types/node": "^9.6.6",
      "@types/uuid": "^3.4.3",
      "gql2ts": "^1.7.2",
      "jest": "^22.4.3",
      "nodemon": "^1.17.3",
      "ts-jest": "^22.4.4",
      "ts-node": "6.0.0",
      "tslint": "^5.9.1",
      "tslint-config-prettier": "^1.12.0",
      "typescript": "2.8.3"
    },
    "dependencies": {
      "bcryptjs": "^2.4.3",
      "graphql": "^0.13.2",
      "graphql-import": "^0.5.0",
      "graphql-request": "^1.5.1",
      "graphql-tools": "^3.0.0",
      "graphql-yoga": "^1.9.2",
      "pg": "^7.4.1",
      "reflect-metadata": "^0.1.12",
      "typeorm": "0.2.0",
      "uuid": "^3.2.1"
    },
    "scripts": {
      "start": "NODE_ENV=development nodemon --exec ts-node src/index.ts",
      "test": "NODE_ENV=test jest",
      "gen-schema-types": "gql2ts src/schema.graphql -o src/types/schema.d.ts"
    },
  }

yarn manifest: 
  No manifest

Lockfile: 
  No lockfile
